<?xml version="1.0" encoding="UTF-8"?>
<coverage generated="1592864250829" clover="3.2.0">
  <project timestamp="1592864250829" name="All files">
    <metrics statements="26" coveredstatements="26" conditionals="0" coveredconditionals="0" methods="2" coveredmethods="2" elements="28" coveredelements="28" complexity="0" loc="26" ncloc="26" packages="1" files="1" classes="1"/>
    <file name="cipher.js" path="C:\Users\Mandy\Desktop\nuevo\SCL014-cipher\src\cipher.js">
      <metrics statements="26" coveredstatements="26" conditionals="0" coveredconditionals="0" methods="2" coveredmethods="2"/>
      <line num="1" count="1" type="stmt"/>
      <line num="3" count="1" type="stmt"/>
      <line num="4" count="1" type="stmt"/>
      <line num="5" count="1" type="stmt"/>
      <line num="6" count="1" type="stmt"/>
      <line num="7" count="1" type="stmt"/>
      <line num="8" count="1" type="stmt"/>
      <line num="9" count="26" type="stmt"/>
      <line num="11" count="26" type="stmt"/>
      <line num="13" count="26" type="stmt"/>
      <line num="15" count="26" type="stmt"/>
      <line num="17" count="26" type="stmt"/>
      <line num="20" count="1" type="stmt"/>
      <line num="24" count="1" type="stmt"/>
      <line num="25" count="1" type="stmt"/>
      <line num="26" count="1" type="stmt"/>
      <line num="27" count="1" type="stmt"/>
      <line num="28" count="1" type="stmt"/>
      <line num="29" count="1" type="stmt"/>
      <line num="30" count="26" type="stmt"/>
      <line num="31" count="26" type="stmt"/>
      <line num="32" count="26" type="stmt"/>
      <line num="33" count="26" type="stmt"/>
      <line num="34" count="26" type="stmt"/>
      <line num="35" count="26" type="stmt"/>
      <line num="38" count="1" type="stmt"/>
    </file>
  </project>
</coverage>
