{"C:\\Users\\Mandy\\Desktop\\nuevo\\SCL014-cipher\\src\\cipher.js": {"path":"C:\\Users\\Mandy\\Desktop\\nuevo\\SCL014-cipher\\src\\cipher.js","statementMap":{"0":{"start":{"line":1,"column":15},"end":{"line":41,"column":1}},"1":{"start":{"line":3,"column":21},"end":{"line":3,"column":26}},"2":{"start":{"line":4,"column":18},"end":{"line":4,"column":42}},"3":{"start":{"line":5,"column":19},"end":{"line":5,"column":38}},"4":{"start":{"line":6,"column":17},"end":{"line":6,"column":34}},"5":{"start":{"line":7,"column":23},"end":{"line":7,"column":25}},"6":{"start":{"line":8,"column":4},"end":{"line":19,"column":7}},"7":{"start":{"line":8,"column":14},"end":{"line":8,"column":15}},"8":{"start":{"line":9,"column":27},"end":{"line":9,"column":40}},"9":{"start":{"line":11,"column":30},"end":{"line":11,"column":57}},"10":{"start":{"line":13,"column":35},"end":{"line":13,"column":72}},"11":{"start":{"line":15,"column":18},"end":{"line":15,"column":59}},"12":{"start":{"line":17,"column":8},"end":{"line":17,"column":43}},"13":{"start":{"line":20,"column":4},"end":{"line":20,"column":24}},"14":{"start":{"line":24,"column":21},"end":{"line":24,"column":26}},"15":{"start":{"line":25,"column":18},"end":{"line":25,"column":42}},"16":{"start":{"line":26,"column":19},"end":{"line":26,"column":38}},"17":{"start":{"line":27,"column":17},"end":{"line":27,"column":34}},"18":{"start":{"line":28,"column":26},"end":{"line":28,"column":28}},"19":{"start":{"line":29,"column":4},"end":{"line":37,"column":7}},"20":{"start":{"line":29,"column":14},"end":{"line":29,"column":15}},"21":{"start":{"line":30,"column":27},"end":{"line":30,"column":40}},"22":{"start":{"line":31,"column":30},"end":{"line":31,"column":57}},"23":{"start":{"line":32,"column":37},"end":{"line":32,"column":57}},"24":{"start":{"line":33,"column":40},"end":{"line":33,"column":85}},"25":{"start":{"line":34,"column":21},"end":{"line":34,"column":67}},"26":{"start":{"line":35,"column":8},"end":{"line":35,"column":52}},"27":{"start":{"line":38,"column":4},"end":{"line":38,"column":27}}},"fnMap":{"0":{"name":"(anonymous_0)","decl":{"start":{"line":2,"column":10},"end":{"line":2,"column":11}},"loc":{"start":{"line":2,"column":31},"end":{"line":21,"column":3}},"line":2},"1":{"name":"(anonymous_1)","decl":{"start":{"line":23,"column":10},"end":{"line":23,"column":11}},"loc":{"start":{"line":23,"column":31},"end":{"line":39,"column":3}},"line":23}},"branchMap":{},"s":{"0":1,"1":1,"2":1,"3":1,"4":1,"5":1,"6":1,"7":1,"8":26,"9":26,"10":26,"11":26,"12":26,"13":1,"14":1,"15":1,"16":1,"17":1,"18":1,"19":1,"20":1,"21":26,"22":26,"23":26,"24":26,"25":26,"26":26,"27":1},"f":{"0":1,"1":1},"b":{},"_coverageSchema":"43e27e138ebf9cfc5966b082cf9a028302ed4184","hash":"d2e0d367c624330724d2b1f979d356e5806efd86"}
}
